[INFO] Scanning for projects...
[INFO] 
[INFO] ------------------------< com.pjtback:pjtback >-------------------------
[INFO] Building pjtback 0.0.1-SNAPSHOT
[INFO] --------------------------------[ jar ]---------------------------------
[INFO] 
[INFO] >>> spring-boot-maven-plugin:2.1.4.RELEASE:run (default-cli) > test-compile @ pjtback >>>
[INFO] 
[INFO] --- maven-resources-plugin:3.1.0:resources (default-resources) @ pjtback ---
[INFO] Using 'UTF-8' encoding to copy filtered resources.
[INFO] Copying 1 resource
[INFO] Copying 1 resource
[INFO] 
[INFO] --- maven-compiler-plugin:3.8.0:compile (default-compile) @ pjtback ---
[INFO] Nothing to compile - all classes are up to date
[INFO] 
[INFO] --- maven-resources-plugin:3.1.0:testResources (default-testResources) @ pjtback ---
[INFO] Using 'UTF-8' encoding to copy filtered resources.
[INFO] skip non existing resourceDirectory /srv/4PJT/pjtback/src/test/resources
[INFO] 
[INFO] --- maven-compiler-plugin:3.8.0:testCompile (default-testCompile) @ pjtback ---
[INFO] Nothing to compile - all classes are up to date
[INFO] 
[INFO] <<< spring-boot-maven-plugin:2.1.4.RELEASE:run (default-cli) < test-compile @ pjtback <<<
[INFO] 
[INFO] 
[INFO] --- spring-boot-maven-plugin:2.1.4.RELEASE:run (default-cli) @ pjtback ---
2019-06-08 03:09:30.724  INFO 16339 --- [           main] trationDelegate$BeanPostProcessorChecker : Bean 'org.springframework.cloud.autoconfigure.ConfigurationPropertiesRebinderAutoConfiguration' of type [org.springframework.cloud.autoconfigure.ConfigurationPropertiesRebinderAutoConfiguration$$EnhancerBySpringCGLIB$$9dea2c90] is not eligible for getting processed by all BeanPostProcessors (for example: not eligible for auto-proxying)

  .   ____          _            __ _ _
 /\\ / ___'_ __ _ _(_)_ __  __ _ \ \ \ \
( ( )\___ | '_ | '_| | '_ \/ _` | \ \ \ \
 \\/  ___)| |_)| | | | | || (_| |  ) ) ) )
  '  |____| .__|_| |_|_| |_\__, | / / / /
 =========|_|==============|___/=/_/_/_/
 :: Spring Boot ::        (v2.1.4.RELEASE)

2019-06-08 03:09:31.349  INFO 16339 --- [           main] com.pjtback.pjtback.PjtbackApplication   : No active profile set, falling back to default profiles: default
2019-06-08 03:09:34.066  INFO 16339 --- [           main] .s.d.r.c.RepositoryConfigurationDelegate : Bootstrapping Spring Data repositories in DEFAULT mode.
2019-06-08 03:09:34.290  INFO 16339 --- [           main] .s.d.r.c.RepositoryConfigurationDelegate : Finished Spring Data repository scanning in 196ms. Found 1 repository interfaces.
2019-06-08 03:09:35.817  INFO 16339 --- [           main] o.s.cloud.context.scope.GenericScope     : BeanFactory id=00362fbd-1f77-3fa9-b3b7-8ecabb2e0fc6
2019-06-08 03:09:36.260  INFO 16339 --- [           main] trationDelegate$BeanPostProcessorChecker : Bean 'org.springframework.transaction.annotation.ProxyTransactionManagementConfiguration' of type [org.springframework.transaction.annotation.ProxyTransactionManagementConfiguration$$EnhancerBySpringCGLIB$$81d02993] is not eligible for getting processed by all BeanPostProcessors (for example: not eligible for auto-proxying)
2019-06-08 03:09:36.383  INFO 16339 --- [           main] trationDelegate$BeanPostProcessorChecker : Bean 'org.springframework.hateoas.config.HateoasConfiguration' of type [org.springframework.hateoas.config.HateoasConfiguration$$EnhancerBySpringCGLIB$$15076c5] is not eligible for getting processed by all BeanPostProcessors (for example: not eligible for auto-proxying)
2019-06-08 03:09:36.421  INFO 16339 --- [           main] trationDelegate$BeanPostProcessorChecker : Bean 'org.springframework.cloud.autoconfigure.ConfigurationPropertiesRebinderAutoConfiguration' of type [org.springframework.cloud.autoconfigure.ConfigurationPropertiesRebinderAutoConfiguration$$EnhancerBySpringCGLIB$$9dea2c90] is not eligible for getting processed by all BeanPostProcessors (for example: not eligible for auto-proxying)
2019-06-08 03:09:37.689  INFO 16339 --- [           main] o.s.b.w.embedded.tomcat.TomcatWebServer  : Tomcat initialized with port(s): 8080 (http)
2019-06-08 03:09:37.810  INFO 16339 --- [           main] o.apache.catalina.core.StandardService   : Starting service [Tomcat]
2019-06-08 03:09:37.818  INFO 16339 --- [           main] org.apache.catalina.core.StandardEngine  : Starting Servlet engine: [Apache Tomcat/9.0.17]
2019-06-08 03:09:38.125  INFO 16339 --- [           main] o.a.c.c.C.[Tomcat].[localhost].[/]       : Initializing Spring embedded WebApplicationContext
2019-06-08 03:09:38.130  INFO 16339 --- [           main] o.s.web.context.ContextLoader            : Root WebApplicationContext: initialization completed in 6744 ms
2019-06-08 03:09:41.327  INFO 16339 --- [           main] o.f.c.internal.license.VersionPrinter    : Flyway Community Edition 5.2.4 by Boxfuse
2019-06-08 03:09:41.357  INFO 16339 --- [           main] com.zaxxer.hikari.HikariDataSource       : HikariPool-1 - Starting...
2019-06-08 03:09:41.791  INFO 16339 --- [           main] com.zaxxer.hikari.HikariDataSource       : HikariPool-1 - Start completed.
2019-06-08 03:09:41.795  INFO 16339 --- [           main] o.f.c.internal.database.DatabaseFactory  : Database: jdbc:mysql://localhost/pjtback (MySQL 5.5)
2019-06-08 03:09:42.127  INFO 16339 --- [           main] o.f.core.internal.command.DbValidate     : Successfully validated 1 migration (execution time 00:00.059s)
2019-06-08 03:09:42.152  INFO 16339 --- [           main] o.f.core.internal.command.DbMigrate      : Current version of schema `pjtback`: 2
2019-06-08 03:09:42.154  INFO 16339 --- [           main] o.f.core.internal.command.DbMigrate      : Schema `pjtback` is up to date. No migration necessary.
2019-06-08 03:09:42.513  INFO 16339 --- [           main] o.hibernate.jpa.internal.util.LogHelper  : HHH000204: Processing PersistenceUnitInfo [
	name: default
	...]
2019-06-08 03:09:42.718  INFO 16339 --- [           main] org.hibernate.Version                    : HHH000412: Hibernate Core {5.3.9.Final}
2019-06-08 03:09:42.724  INFO 16339 --- [           main] org.hibernate.cfg.Environment            : HHH000206: hibernate.properties not found
2019-06-08 03:09:43.088  INFO 16339 --- [           main] o.hibernate.annotations.common.Version   : HCANN000001: Hibernate Commons Annotations {5.0.4.Final}
2019-06-08 03:09:43.512  INFO 16339 --- [           main] org.hibernate.dialect.Dialect            : HHH000400: Using dialect: org.hibernate.dialect.MySQL5Dialect
2019-06-08 03:09:45.546  INFO 16339 --- [           main] j.LocalContainerEntityManagerFactoryBean : Initialized JPA EntityManagerFactory for persistence unit 'default'
2019-06-08 03:09:49.541  INFO 16339 --- [           main] o.s.s.concurrent.ThreadPoolTaskExecutor  : Initializing ExecutorService 'applicationTaskExecutor'
2019-06-08 03:09:49.711  WARN 16339 --- [           main] aWebConfiguration$JpaWebMvcConfiguration : spring.jpa.open-in-view is enabled by default. Therefore, database queries may be performed during view rendering. Explicitly configure spring.jpa.open-in-view to disable this warning
2019-06-08 03:09:52.322  INFO 16339 --- [           main] o.s.s.web.DefaultSecurityFilterChain     : Creating filter chain: OrRequestMatcher [requestMatchers=[Ant [pattern='/oauth/token'], Ant [pattern='/oauth/token_key'], Ant [pattern='/oauth/check_token']]], [org.springframework.security.web.context.request.async.WebAsyncManagerIntegrationFilter@edef0b6, org.springframework.security.web.context.SecurityContextPersistenceFilter@5a70460b, org.springframework.security.web.header.HeaderWriterFilter@514efbd9, org.springframework.security.web.authentication.logout.LogoutFilter@67f4cda5, org.springframework.security.web.authentication.www.BasicAuthenticationFilter@38b94618, org.springframework.security.web.savedrequest.RequestCacheAwareFilter@36efafe5, org.springframework.security.web.servletapi.SecurityContextHolderAwareRequestFilter@14f65cd6, org.springframework.security.web.authentication.AnonymousAuthenticationFilter@2e68f2f9, org.springframework.security.web.session.SessionManagementFilter@3af17c2c, org.springframework.security.web.access.ExceptionTranslationFilter@3f67325d, org.springframework.security.web.access.intercept.FilterSecurityInterceptor@e3b7f8d]
2019-06-08 03:09:52.372  INFO 16339 --- [           main] o.s.s.web.DefaultSecurityFilterChain     : Creating filter chain: org.springframework.security.oauth2.config.annotation.web.configuration.ResourceServerConfiguration$NotOAuthRequestMatcher@5b74f03a, [org.springframework.security.web.context.request.async.WebAsyncManagerIntegrationFilter@2febda09, org.springframework.security.web.context.SecurityContextPersistenceFilter@3e64c838, org.springframework.security.web.header.HeaderWriterFilter@57d11da7, org.springframework.security.web.authentication.logout.LogoutFilter@a2c3b7, org.springframework.security.oauth2.provider.authentication.OAuth2AuthenticationProcessingFilter@67fd7fd0, org.springframework.security.web.savedrequest.RequestCacheAwareFilter@76fba92b, org.springframework.security.web.servletapi.SecurityContextHolderAwareRequestFilter@2998ae76, org.springframework.security.web.authentication.AnonymousAuthenticationFilter@28627694, org.springframework.security.web.session.SessionManagementFilter@540fa399, org.springframework.security.web.access.ExceptionTranslationFilter@2a5c517e, org.springframework.security.web.access.intercept.FilterSecurityInterceptor@a72aae]
2019-06-08 03:09:52.518  INFO 16339 --- [           main] o.s.b.a.e.web.EndpointLinksResolver      : Exposing 2 endpoint(s) beneath base path '/actuator'
2019-06-08 03:09:52.677  INFO 16339 --- [           main] o.s.s.web.DefaultSecurityFilterChain     : Creating filter chain: any request, [org.springframework.security.web.context.request.async.WebAsyncManagerIntegrationFilter@2a92e154, org.springframework.security.web.context.SecurityContextPersistenceFilter@51570723, org.springframework.security.web.header.HeaderWriterFilter@4625aede, org.springframework.web.filter.CorsFilter@70b7d6a5, org.springframework.security.web.authentication.logout.LogoutFilter@26160a86, org.springframework.security.web.authentication.www.BasicAuthenticationFilter@49dc45c1, org.springframework.security.web.savedrequest.RequestCacheAwareFilter@23a2d617, org.springframework.security.web.servletapi.SecurityContextHolderAwareRequestFilter@481acfe3, org.springframework.security.web.authentication.AnonymousAuthenticationFilter@111f5b38, org.springframework.security.web.session.SessionManagementFilter@6d906e48, org.springframework.security.web.access.ExceptionTranslationFilter@5c65dc52, org.springframework.security.web.access.intercept.FilterSecurityInterceptor@7564acaa]
2019-06-08 03:09:53.647  INFO 16339 --- [           main] o.s.b.w.embedded.tomcat.TomcatWebServer  : Tomcat started on port(s): 8080 (http) with context path ''
2019-06-08 03:09:53.665  INFO 16339 --- [           main] com.pjtback.pjtback.PjtbackApplication   : Started PjtbackApplication in 25.79 seconds (JVM running for 35.364)
2019-06-08 03:09:56.186  INFO 16339 --- [nio-8080-exec-1] o.a.c.c.C.[Tomcat].[localhost].[/]       : Initializing Spring DispatcherServlet 'dispatcherServlet'
2019-06-08 03:09:56.187  INFO 16339 --- [nio-8080-exec-1] o.s.web.servlet.DispatcherServlet        : Initializing Servlet 'dispatcherServlet'
2019-06-08 03:09:56.238  INFO 16339 --- [nio-8080-exec-1] o.s.web.servlet.DispatcherServlet        : Completed initialization in 49 ms
2019-06-08 03:09:56.366  INFO 16339 --- [nio-8080-exec-4] o.s.s.o.p.token.store.JdbcTokenStore     : Failed to find access token for token undefined
2019-06-08 03:09:56.366  INFO 16339 --- [nio-8080-exec-3] o.s.s.o.p.token.store.JdbcTokenStore     : Failed to find access token for token undefined
2019-06-08 03:10:00.142  INFO 16339 --- [nio-8080-exec-5] o.s.s.o.p.token.store.JdbcTokenStore     : Failed to find access token for token undefined
2019-06-08 03:10:00.143  INFO 16339 --- [nio-8080-exec-6] o.s.s.o.p.token.store.JdbcTokenStore     : Failed to find access token for token undefined
2019-06-08 03:10:18.012  INFO 16339 --- [nio-8080-exec-8] o.s.s.o.p.token.store.JdbcTokenStore     : Failed to find access token for token undefined
2019-06-08 03:10:18.016  INFO 16339 --- [nio-8080-exec-7] o.s.s.o.p.token.store.JdbcTokenStore     : Failed to find access token for token undefined
2019-06-08 03:10:45.591  INFO 16339 --- [io-8080-exec-10] o.s.s.o.p.token.store.JdbcTokenStore     : Failed to find access token for token undefined
2019-06-08 03:10:45.591  INFO 16339 --- [nio-8080-exec-9] o.s.s.o.p.token.store.JdbcTokenStore     : Failed to find access token for token undefined
2019-06-08 03:11:25.514  INFO 16339 --- [nio-8080-exec-4] o.s.s.o.p.token.store.JdbcTokenStore     : Failed to find access token for token undefined
2019-06-08 03:11:25.518  INFO 16339 --- [nio-8080-exec-3] o.s.s.o.p.token.store.JdbcTokenStore     : Failed to find access token for token undefined
2019-06-08 03:16:02.336  INFO 16339 --- [nio-8080-exec-7] o.s.s.o.p.token.store.JdbcTokenStore     : Failed to find access token for token ya29.GlwiB88qC_pfirg_n_ztDvwsOhrX8IIe2SG5wxKNEaLTdNGhxxa3VZm-WtHwRMAu3h7nr4r-Tagia-a6pjkBNg_vrwK3z39ETgp7HU2a6pGoCNx_FuK2AkwvR3_spw
2019-06-08 03:16:02.337  INFO 16339 --- [nio-8080-exec-8] o.s.s.o.p.token.store.JdbcTokenStore     : Failed to find access token for token ya29.GlwiB88qC_pfirg_n_ztDvwsOhrX8IIe2SG5wxKNEaLTdNGhxxa3VZm-WtHwRMAu3h7nr4r-Tagia-a6pjkBNg_vrwK3z39ETgp7HU2a6pGoCNx_FuK2AkwvR3_spw
2019-06-08 03:17:13.878  INFO 16339 --- [nio-8080-exec-1] o.s.s.o.p.token.store.JdbcTokenStore     : Failed to find access token for token ya29.GlwiB88qC_pfirg_n_ztDvwsOhrX8IIe2SG5wxKNEaLTdNGhxxa3VZm-WtHwRMAu3h7nr4r-Tagia-a6pjkBNg_vrwK3z39ETgp7HU2a6pGoCNx_FuK2AkwvR3_spw
2019-06-08 03:17:13.885  INFO 16339 --- [nio-8080-exec-2] o.s.s.o.p.token.store.JdbcTokenStore     : Failed to find access token for token ya29.GlwiB88qC_pfirg_n_ztDvwsOhrX8IIe2SG5wxKNEaLTdNGhxxa3VZm-WtHwRMAu3h7nr4r-Tagia-a6pjkBNg_vrwK3z39ETgp7HU2a6pGoCNx_FuK2AkwvR3_spw
